<?xml version="1.0" encoding="UTF-8"?>
<testng-results ignored="0" total="1" passed="1" failed="0" skipped="0">
  <reporter-output>
  </reporter-output>
  <suite started-at="2023-04-11T22:14:05 IST" name="Default suite" finished-at="2023-04-11T22:14:24 IST" duration-ms="19380">
    <groups>
    </groups>
    <test started-at="2023-04-11T22:14:05 IST" name="Default test" finished-at="2023-04-11T22:14:24 IST" duration-ms="19380">
      <class name="org.ttn.QKart.App">
        <test-method signature="startBrowser()[pri:0, instance:org.ttn.QKart.App@2cd2a21f]" started-at="2023-04-11T22:14:05 IST" name="startBrowser" finished-at="2023-04-11T22:14:24 IST" duration-ms="19342" status="PASS">
          <reporter-output>
          </reporter-output>
        </test-method> <!-- startBrowser -->
      </class> <!-- org.ttn.QKart.App -->
    </test> <!-- Default test -->
  </suite> <!-- Default suite -->
</testng-results>
